<?xml version="1.0" encoding="UTF-8"?>
<!-- Generated by org.testng.reporters.JUnitReportReporter -->
<testsuite hostname="DESKTOP-A9EM23T" failures="0" tests="6" name="com.api.tests.DDTests" time="4.974" errors="0" timestamp="2024-06-20T18:13:38 EDT" skipped="0">
  <testcase classname="com.api.tests.DDTests" name="testPostUser" time="3.628"/>
  <testcase classname="com.api.tests.DDTests" name="testPostUser" time="0.255"/>
  <testcase classname="com.api.tests.DDTests" name="testPostUser" time="0.265"/>
  <testcase classname="com.api.tests.DDTests" name="testDeleteUser" time="0.297"/>
  <testcase classname="com.api.tests.DDTests" name="testDeleteUser" time="0.251"/>
  <testcase classname="com.api.tests.DDTests" name="testDeleteUser" time="0.278"/>
</testsuite> <!-- com.api.tests.DDTests -->
