<?xml version="1.0" encoding="UTF-8"?>
<!-- Generated by org.testng.reporters.JUnitReportReporter -->
<testsuite hostname="DESKTOP-A9EM23T" failures="0" tests="4" name="com.api.tests.UserTests" time="5.790" errors="0" timestamp="2024-06-25T17:40:48 EDT" skipped="0">
  <testcase classname="com.api.tests.UserTests" name="setUpData" time="1.580"/>
  <testcase classname="com.api.tests.UserTests" name="testPostUser" time="3.471"/>
  <testcase classname="com.api.tests.UserTests" name="testUpdateUser" time="0.502"/>
  <testcase classname="com.api.tests.UserTests" name="testDeleteUser" time="0.237"/>
</testsuite> <!-- com.api.tests.UserTests -->
