<?xml version="1.0" encoding="UTF-8"?>
<!-- Generated by org.testng.reporters.JUnitReportReporter -->
<testsuite hostname="DESKTOP-A9EM23T" failures="0" tests="4" name="com.api.tests.UserTests" time="11.876" errors="0" timestamp="2024-06-25T23:45:15 EDT" skipped="0">
  <testcase classname="com.api.tests.UserTests" name="setUpData" time="3.401"/>
  <testcase classname="com.api.tests.UserTests" name="testPostUser" time="7.539"/>
  <testcase classname="com.api.tests.UserTests" name="testUpdateUser" time="0.674"/>
  <testcase classname="com.api.tests.UserTests" name="testDeleteUser" time="0.262"/>
</testsuite> <!-- com.api.tests.UserTests -->
